<?xml version="1.0" encoding="UTF-8"?>
<testsuite name="com.example.demo.MathServiceTest" tests="5" skipped="0" failures="0" errors="0" timestamp="2025-05-27T13:12:31" hostname="marmoush" time="0.75">
  <properties/>
  <testcase name="testMultiplication()" classname="com.example.demo.MathServiceTest" time="0.733"/>
  <testcase name="testAddition()" classname="com.example.demo.MathServiceTest" time="0.006"/>
  <testcase name="testDivisionByZero()" classname="com.example.demo.MathServiceTest" time="0.003"/>
  <testcase name="testDivision()" classname="com.example.demo.MathServiceTest" time="0.001"/>
  <testcase name="testSubtraction()" classname="com.example.demo.MathServiceTest" time="0.002"/>
  <system-out><![CDATA[16:12:29.839 [Test worker] INFO org.springframework.test.context.support.AnnotationConfigContextLoaderUtils -- Could not detect default configuration classes for test class [com.example.demo.MathServiceTest]: MathServiceTest does not declare any static, non-private, non-final, nested classes annotated with @Configuration.
16:12:29.927 [Test worker] INFO org.springframework.boot.test.context.SpringBootTestContextBootstrapper -- Found @SpringBootConfiguration com.example.demo.DemoApplication for test class com.example.demo.MathServiceTest

  .   ____          _            __ _ _
 /\\ / ___'_ __ _ _(_)_ __  __ _ \ \ \ \
( ( )\___ | '_ | '_| | '_ \/ _` | \ \ \ \
 \\/  ___)| |_)| | | | | || (_| |  ) ) ) )
  '  |____| .__|_| |_|_| |_\__, | / / / /
 =========|_|==============|___/=/_/_/_/
 :: Spring Boot ::                (v3.2.0)

2025-05-27T16:12:30.267+03:00  INFO 545409 --- [    Test worker] com.example.demo.MathServiceTest         : Starting MathServiceTest using Java 17.0.15 with PID 545409 (started by amir-mamdouh in /home/amir-mamdouh/Desktop/ivolve_tasks/grad/FinalProjectCode/web-app)
2025-05-27T16:12:30.268+03:00  INFO 545409 --- [    Test worker] com.example.demo.MathServiceTest         : No active profile set, falling back to 1 default profile: "default"
2025-05-27T16:12:30.989+03:00  INFO 545409 --- [    Test worker] o.s.b.a.w.s.WelcomePageHandlerMapping    : Adding welcome page template: index
2025-05-27T16:12:31.222+03:00  INFO 545409 --- [    Test worker] com.example.demo.MathServiceTest         : Started MathServiceTest in 1.169 seconds (process running for 2.221)
]]></system-out>
  <system-err><![CDATA[]]></system-err>
</testsuite>
